<?xml version="1.0" encoding="UTF-8"?>
<!-- Generated by org.testng.reporters.JUnitXMLReporter -->
<testsuite hostname="CDC2-D-CJ3MXJ2" ignored="1" name="Test" tests="3" failures="0" timestamp="01 Apr 2019 05:38:02 GMT" time="0.056" errors="0">
  <testcase name="method1" time="0.006" classname="Day2.Day2Demo.test2"/>
  <testcase name="method1" time="0.003" classname="Day2.Day2Demo.Test1"/>
  <testcase name="method2" time="0.003" classname="Day2.Day2Demo.Test1"/>
  <testcase name="method2" time="0.0" classname="Day2.Day2Demo.test2">
    <ignored/>
  </testcase> <!-- method2 -->
</testsuite> <!-- Test -->
